#
# There is insufficient memory for the Java Runtime Environment to continue.
# Native memory allocation (malloc) failed to allocate 32744 bytes. Error detail: Chunk::new
# Possible reasons:
#   The system is out of physical RAM or swap space
#   This process is running with CompressedOops enabled, and the Java Heap may be blocking the growth of the native heap
# Possible solutions:
#   Reduce memory load on the system
#   Increase physical memory or swap space
#   Check if swap backing store is full
#   Decrease Java heap size (-Xmx/-Xms)
#   Decrease number of Java threads
#   Decrease Java thread stack sizes (-Xss)
#   Set larger code cache with -XX:ReservedCodeCacheSize=
#     placed in the first 4GB address space. The Java Heap base address is the
#     maximum limit for the native heap growth. Please use -XX:HeapBaseMinAddress
#     to set the Java Heap base and to place the Java Heap above 4GB virtual address.
# This output file may be truncated or incomplete.
#
#  Out of Memory Error (arena.cpp:168), pid=12496, tid=23668
#
# JRE version: OpenJDK Runtime Environment Temurin-21.0.5+11 (21.0.5+11) (build 21.0.5+11-LTS)
# Java VM: OpenJDK 64-Bit Server VM Temurin-21.0.5+11 (21.0.5+11-LTS, mixed mode, sharing, tiered, compressed oops, compressed class ptrs, parallel gc, windows-amd64)
# No core dump will be written. Minidumps are not enabled by default on client versions of Windows
#

---------------  S U M M A R Y ------------

Command Line: --add-modules=ALL-SYSTEM --add-opens=java.base/java.util=ALL-UNNAMED --add-opens=java.base/java.lang=ALL-UNNAMED --add-opens=java.base/sun.nio.fs=ALL-UNNAMED -Declipse.application=org.eclipse.jdt.ls.core.id1 -Dosgi.bundles.defaultStartLevel=4 -Declipse.product=org.eclipse.jdt.ls.core.product -Djava.import.generatesMetadataFilesAtProjectRoot=false -DDetectVMInstallationsJob.disabled=true -Dfile.encoding=utf8 -XX:+UseParallelGC -XX:GCTimeRatio=4 -XX:AdaptiveSizePolicyWeight=90 -Dsun.zip.disableMemoryMapping=true -Xmx1G -Xms100m -Xlog:disable -javaagent:c:\Users\Microsoft\.vscode\extensions\redhat.java-1.39.0-win32-x64\lombok\lombok-1.18.34.jar -XX:+HeapDumpOnOutOfMemoryError -XX:HeapDumpPath=c:\Users\Microsoft\AppData\Roaming\Code\User\workspaceStorage\51c2198a0d62ee72b5a835ac9089896e\redhat.java -Daether.dependencyCollector.impl=bf c:\Users\Microsoft\.vscode\extensions\redhat.java-1.39.0-win32-x64\server\plugins\org.eclipse.equinox.launcher_1.6.900.v20240613-2009.jar -configuration c:\Users\Microsoft\AppData\Roaming\Code\User\globalStorage\redhat.java\1.39.0\config_win -data c:\Users\Microsoft\AppData\Roaming\Code\User\workspaceStorage\51c2198a0d62ee72b5a835ac9089896e\redhat.java\jdt_ws --pipe=\\.\pipe\lsp-08dc867752c4313e473142468cac6901-sock

Host: Intel(R) Core(TM) i5-1035G1 CPU @ 1.00GHz, 8 cores, 7G,  Windows 11 , 64 bit Build 26100 (10.0.26100.3037)
Time: Fri Feb  7 20:45:15 2025 Jerusalem Standard Time elapsed time: 67.799406 seconds (0d 0h 1m 7s)

---------------  T H R E A D  ---------------

Current thread (0x000002d7fed9a9e0):  JavaThread "C2 CompilerThread2" daemon [_thread_in_native, id=23668, stack(0x000000e04ab00000,0x000000e04ac00000) (1024K)]


Current CompileTask:
C2:67799 12449       4       org.eclipse.jdt.internal.compiler.parser.Scanner::internalScanIdentifierOrKeyword (4943 bytes)

Stack: [0x000000e04ab00000,0x000000e04ac00000]
Native frames: (J=compiled Java code, j=interpreted, Vv=VM code, C=native code)
V  [jvm.dll+0x6cd4e9]
V  [jvm.dll+0x8a7941]
V  [jvm.dll+0x8a9e6e]
V  [jvm.dll+0x8aa543]
V  [jvm.dll+0x27f6d6]
V  [jvm.dll+0xc500d]
V  [jvm.dll+0xc5543]
V  [jvm.dll+0xc5135]
V  [jvm.dll+0x6a935c]
V  [jvm.dll+0x3836ad]
V  [jvm.dll+0x384bea]
V  [jvm.dll+0x38263a]
V  [jvm.dll+0x381c9a]
V  [jvm.dll+0x2479d0]
V  [jvm.dll+0x246faf]
V  [jvm.dll+0x1c75ce]
V  [jvm.dll+0x25682a]
V  [jvm.dll+0x254dca]
V  [jvm.dll+0x3f00d6]
V  [jvm.dll+0x8514fb]
V  [jvm.dll+0x6cbbed]
C  [ucrtbase.dll+0x37b0]
C  [KERNEL32.DLL+0x2e8d7]
C  [ntdll.dll+0xbbf2c]


---------------  P R O C E S S  ---------------

Threads class SMR info:
_java_thread_list=0x000002d7c33d58c0, length=68, elements={
0x000002d7e335fe90, 0x000002d7e341a100, 0x000002d7e341d480, 0x000002d7f8074b40,
0x000002d7f80776a0, 0x000002d7f80782f0, 0x000002d7f807b460, 0x000002d7f807e2a0,
0x000002d7f80adac0, 0x000002d7f9c2e110, 0x000002d7f9d7b880, 0x000002d7feae4550,
0x000002d7fe9832d0, 0x000002d7fe7cbca0, 0x000002d7fe9700e0, 0x000002d7fed59dc0,
0x000002d7fed0b050, 0x000002d7fe6aaa30, 0x000002d7fe6ad190, 0x000002d7fe6ab0c0,
0x000002d7fe6ad820, 0x000002d7fe6acb00, 0x000002d7fe6aa3a0, 0x000002d7fe6ab750,
0x000002d7fe6abde0, 0x000002d7fe6ac470, 0x000002d7c1b2d550, 0x000002d7c1b2cec0,
0x000002d7c1b2dbe0, 0x000002d7c1b2a760, 0x000002d7c1b2e270, 0x000002d7c1b2adf0,
0x000002d7c1b2e900, 0x000002d7c1b2c1a0, 0x000002d7c1b2c830, 0x000002d7c1b2b480,
0x000002d7c1b2ef90, 0x000002d7fe53b610, 0x000002d7c1b2bb10, 0x000002d7c1b31060,
0x000002d7c1b2f620, 0x000002d7c1b316f0, 0x000002d7c1b2fcb0, 0x000002d7c1b31d80,
0x000002d7c1b309d0, 0x000002d7c26423a0, 0x000002d7c2642a30, 0x000002d7c2641d10,
0x000002d7c2641680, 0x000002d7c2643750, 0x000002d7c2643de0, 0x000002d7c2640960,
0x000002d7c2640ff0, 0x000002d7c2644b00, 0x000002d7c2645190, 0x000002d7c2645820,
0x000002d7c2645eb0, 0x000002d7c2646540, 0x000002d7c26430c0, 0x000002d7c2646bd0,
0x000002d7c26478f0, 0x000002d7c2647f80, 0x000002d7c50cb980, 0x000002d7fed9a9e0,
0x000002d7c50c98b0, 0x000002d7c50c9f40, 0x000002d7c50c9220, 0x000002d7c50cc010
}

Java Threads: ( => current thread )
  0x000002d7e335fe90 JavaThread "main"                              [_thread_blocked, id=13884, stack(0x000000e046000000,0x000000e046100000) (1024K)]
  0x000002d7e341a100 JavaThread "Reference Handler"          daemon [_thread_blocked, id=7308, stack(0x000000e046400000,0x000000e046500000) (1024K)]
  0x000002d7e341d480 JavaThread "Finalizer"                  daemon [_thread_blocked, id=18304, stack(0x000000e046500000,0x000000e046600000) (1024K)]
  0x000002d7f8074b40 JavaThread "Signal Dispatcher"          daemon [_thread_blocked, id=14084, stack(0x000000e046600000,0x000000e046700000) (1024K)]
  0x000002d7f80776a0 JavaThread "Attach Listener"            daemon [_thread_blocked, id=14096, stack(0x000000e046700000,0x000000e046800000) (1024K)]
  0x000002d7f80782f0 JavaThread "Service Thread"             daemon [_thread_blocked, id=20164, stack(0x000000e046800000,0x000000e046900000) (1024K)]
  0x000002d7f807b460 JavaThread "Monitor Deflation Thread"   daemon [_thread_blocked, id=16148, stack(0x000000e046900000,0x000000e046a00000) (1024K)]
  0x000002d7f807e2a0 JavaThread "C2 CompilerThread0"         daemon [_thread_in_native, id=24528, stack(0x000000e046a00000,0x000000e046b00000) (1024K)]
  0x000002d7f80adac0 JavaThread "C1 CompilerThread0"         daemon [_thread_blocked, id=4732, stack(0x000000e046b00000,0x000000e046c00000) (1024K)]
  0x000002d7f9c2e110 JavaThread "Common-Cleaner"             daemon [_thread_blocked, id=8280, stack(0x000000e046c00000,0x000000e046d00000) (1024K)]
  0x000002d7f9d7b880 JavaThread "Notification Thread"        daemon [_thread_blocked, id=25552, stack(0x000000e046d00000,0x000000e046e00000) (1024K)]
  0x000002d7feae4550 JavaThread "Active Thread: Equinox Container: fdd1779c-454f-4dfd-9fa7-494ace527061"        [_thread_blocked, id=23004, stack(0x000000e047500000,0x000000e047600000) (1024K)]
  0x000002d7fe9832d0 JavaThread "Refresh Thread: Equinox Container: fdd1779c-454f-4dfd-9fa7-494ace527061" daemon [_thread_blocked, id=19944, stack(0x000000e047600000,0x000000e047700000) (1024K)]
  0x000002d7fe7cbca0 JavaThread "Framework Event Dispatcher: Equinox Container: fdd1779c-454f-4dfd-9fa7-494ace527061" daemon [_thread_blocked, id=11064, stack(0x000000e047800000,0x000000e047900000) (1024K)]
  0x000002d7fe9700e0 JavaThread "Start Level: Equinox Container: fdd1779c-454f-4dfd-9fa7-494ace527061" daemon [_thread_blocked, id=24704, stack(0x000000e047900000,0x000000e047a00000) (1024K)]
  0x000002d7fed59dc0 JavaThread "Bundle File Closer"         daemon [_thread_blocked, id=20240, stack(0x000000e047a00000,0x000000e047b00000) (1024K)]
  0x000002d7fed0b050 JavaThread "SCR Component Actor"        daemon [_thread_blocked, id=2604, stack(0x000000e047b00000,0x000000e047c00000) (1024K)]
  0x000002d7fe6aaa30 JavaThread "Worker-JM"                         [_thread_blocked, id=25108, stack(0x000000e047d00000,0x000000e047e00000) (1024K)]
  0x000002d7fe6ad190 JavaThread "JNA Cleaner"                daemon [_thread_blocked, id=15080, stack(0x000000e047e00000,0x000000e047f00000) (1024K)]
  0x000002d7fe6ab0c0 JavaThread "Worker-0: Java indexing... "        [_thread_blocked, id=23888, stack(0x000000e047f00000,0x000000e048000000) (1024K)]
  0x000002d7fe6ad820 JavaThread "Worker-1"                          [_thread_blocked, id=25360, stack(0x000000e048000000,0x000000e048100000) (1024K)]
  0x000002d7fe6acb00 JavaThread "Worker-2"                          [_thread_blocked, id=8776, stack(0x000000e048100000,0x000000e048200000) (1024K)]
  0x000002d7fe6aa3a0 JavaThread "Java indexing"              daemon [_thread_in_native, id=22720, stack(0x000000e048200000,0x000000e048300000) (1024K)]
  0x000002d7fe6ab750 JavaThread "Worker-3: Initialize Workspace"        [_thread_blocked, id=18760, stack(0x000000e048600000,0x000000e048700000) (1024K)]
  0x000002d7fe6abde0 JavaThread "Worker-4: Initialize workspace"        [_thread_blocked, id=18688, stack(0x000000e048700000,0x000000e048800000) (1024K)]
  0x000002d7fe6ac470 JavaThread "Thread-2"                   daemon [_thread_in_native, id=10592, stack(0x000000e047c00000,0x000000e047d00000) (1024K)]
  0x000002d7c1b2d550 JavaThread "Thread-3"                   daemon [_thread_in_native, id=13212, stack(0x000000e048800000,0x000000e048900000) (1024K)]
  0x000002d7c1b2cec0 JavaThread "Thread-4"                   daemon [_thread_in_native, id=22656, stack(0x000000e048900000,0x000000e048a00000) (1024K)]
  0x000002d7c1b2dbe0 JavaThread "Thread-5"                   daemon [_thread_in_native, id=17272, stack(0x000000e048a00000,0x000000e048b00000) (1024K)]
  0x000002d7c1b2a760 JavaThread "Thread-6"                   daemon [_thread_in_native, id=23772, stack(0x000000e048b00000,0x000000e048c00000) (1024K)]
  0x000002d7c1b2e270 JavaThread "Thread-7"                   daemon [_thread_in_native, id=21684, stack(0x000000e048c00000,0x000000e048d00000) (1024K)]
  0x000002d7c1b2adf0 JavaThread "Thread-8"                   daemon [_thread_in_native, id=21728, stack(0x000000e048d00000,0x000000e048e00000) (1024K)]
  0x000002d7c1b2e900 JavaThread "Thread-9"                   daemon [_thread_in_native, id=23260, stack(0x000000e048e00000,0x000000e048f00000) (1024K)]
  0x000002d7c1b2c1a0 JavaThread "Thread-10"                  daemon [_thread_in_native, id=19596, stack(0x000000e048f00000,0x000000e049000000) (1024K)]
  0x000002d7c1b2c830 JavaThread "pool-2-thread-1"                   [_thread_blocked, id=5116, stack(0x000000e049000000,0x000000e049100000) (1024K)]
  0x000002d7c1b2b480 JavaThread "WorkspaceEventsHandler"            [_thread_blocked, id=22596, stack(0x000000e049100000,0x000000e049200000) (1024K)]
  0x000002d7c1b2ef90 JavaThread "pool-1-thread-1"                   [_thread_in_Java, id=4880, stack(0x000000e049200000,0x000000e049300000) (1024K)]
  0x000002d7fe53b610 JavaThread "C2 CompilerThread1"         daemon [_thread_in_native, id=18240, stack(0x000000e047400000,0x000000e047500000) (1024K)]
  0x000002d7c1b2bb10 JavaThread "LocalFile Deleter"          daemon [_thread_blocked, id=23716, stack(0x000000e049400000,0x000000e049500000) (1024K)]
  0x000002d7c1b31060 JavaThread "LocalFile Deleter"          daemon [_thread_blocked, id=20468, stack(0x000000e049500000,0x000000e049600000) (1024K)]
  0x000002d7c1b2f620 JavaThread "LocalFile Deleter"          daemon [_thread_blocked, id=3068, stack(0x000000e049600000,0x000000e049700000) (1024K)]
  0x000002d7c1b316f0 JavaThread "LocalFile Deleter"          daemon [_thread_blocked, id=21488, stack(0x000000e049700000,0x000000e049800000) (1024K)]
  0x000002d7c1b2fcb0 JavaThread "LocalFile Deleter"          daemon [_thread_blocked, id=25220, stack(0x000000e049800000,0x000000e049900000) (1024K)]
  0x000002d7c1b31d80 JavaThread "LocalFile Deleter"          daemon [_thread_blocked, id=8900, stack(0x000000e049900000,0x000000e049a00000) (1024K)]
  0x000002d7c1b309d0 JavaThread "LocalFile Deleter"          daemon [_thread_blocked, id=24572, stack(0x000000e049a00000,0x000000e049b00000) (1024K)]
  0x000002d7c26423a0 JavaThread "LocalFile Deleter"          daemon [_thread_blocked, id=23624, stack(0x000000e049b00000,0x000000e049c00000) (1024K)]
  0x000002d7c2642a30 JavaThread "Compiler Source File Reader" daemon [_thread_blocked, id=16628, stack(0x000000e049c00000,0x000000e049d00000) (1024K)]
  0x000002d7c2641d10 JavaThread "Compiler Source File Reader" daemon [_thread_blocked, id=21832, stack(0x000000e049d00000,0x000000e049e00000) (1024K)]
  0x000002d7c2641680 JavaThread "Compiler Source File Reader" daemon [_thread_blocked, id=1452, stack(0x000000e049e00000,0x000000e049f00000) (1024K)]
  0x000002d7c2643750 JavaThread "Compiler Source File Reader" daemon [_thread_blocked, id=19932, stack(0x000000e049f00000,0x000000e04a000000) (1024K)]
  0x000002d7c2643de0 JavaThread "Compiler Source File Reader" daemon [_thread_blocked, id=25092, stack(0x000000e04a000000,0x000000e04a100000) (1024K)]
  0x000002d7c2640960 JavaThread "Compiler Source File Reader" daemon [_thread_blocked, id=3852, stack(0x000000e04a100000,0x000000e04a200000) (1024K)]
  0x000002d7c2640ff0 JavaThread "Compiler Processing Task"   daemon [_thread_blocked, id=16688, stack(0x000000e045f00000,0x000000e046000000) (1024K)]
  0x000002d7c2644b00 JavaThread "Compiler Class File Writer" daemon [_thread_blocked, id=1312, stack(0x000000e04a200000,0x000000e04a300000) (1024K)]
  0x000002d7c2645190 JavaThread "Compiler Class File Writer" daemon [_thread_blocked, id=9384, stack(0x000000e04a300000,0x000000e04a400000) (1024K)]
  0x000002d7c2645820 JavaThread "Compiler Class File Writer" daemon [_thread_blocked, id=10884, stack(0x000000e04a400000,0x000000e04a500000) (1024K)]
  0x000002d7c2645eb0 JavaThread "Compiler Class File Writer" daemon [_thread_blocked, id=12644, stack(0x000000e04a500000,0x000000e04a600000) (1024K)]
  0x000002d7c2646540 JavaThread "Compiler Class File Writer" daemon [_thread_blocked, id=22112, stack(0x000000e04a600000,0x000000e04a700000) (1024K)]
  0x000002d7c26430c0 JavaThread "Compiler Class File Writer" daemon [_thread_blocked, id=13716, stack(0x000000e04a700000,0x000000e04a800000) (1024K)]
  0x000002d7c2646bd0 JavaThread "ForkJoinPool.commonPool-worker-1" daemon [_thread_blocked, id=24680, stack(0x000000e04a800000,0x000000e04a900000) (1024K)]
  0x000002d7c26478f0 JavaThread "Worker-5"                          [_thread_blocked, id=24864, stack(0x000000e04a900000,0x000000e04aa00000) (1024K)]
  0x000002d7c2647f80 JavaThread "ForkJoinPool.commonPool-worker-2" daemon [_thread_blocked, id=19092, stack(0x000000e04aa00000,0x000000e04ab00000) (1024K)]
  0x000002d7c50cb980 JavaThread "Worker-6"                          [_thread_blocked, id=23300, stack(0x000000e049300000,0x000000e049400000) (1024K)]
=>0x000002d7fed9a9e0 JavaThread "C2 CompilerThread2"         daemon [_thread_in_native, id=23668, stack(0x000000e04ab00000,0x000000e04ac00000) (1024K)]
  0x000002d7c50c98b0 JavaThread "ForkJoinPool.commonPool-worker-3" daemon [_thread_blocked, id=22244, stack(0x000000e04ac00000,0x000000e04ad00000) (1024K)]
  0x000002d7c50c9f40 JavaThread "ForkJoinPool.commonPool-worker-4" daemon [_thread_blocked, id=5872, stack(0x000000e04ad00000,0x000000e04ae00000) (1024K)]
  0x000002d7c50c9220 JavaThread "ForkJoinPool.commonPool-worker-5" daemon [_thread_blocked, id=21640, stack(0x000000e04ae00000,0x000000e04af00000) (1024K)]
  0x000002d7c50cc010 JavaThread "Worker-7"                          [_thread_blocked, id=2840, stack(0x000000e04af00000,0x000000e04b000000) (1024K)]
Total: 68

Other Threads:
  0x000002d7e33ffef0 VMThread "VM Thread"                           [id=8836, stack(0x000000e046300000,0x000000e046400000) (1024K)]
  0x000002d7f7f8c950 WatcherThread "VM Periodic Task Thread"        [id=16096, stack(0x000000e046200000,0x000000e046300000) (1024K)]
  0x000002d7e337e0f0 WorkerThread "GC Thread#0"                     [id=21768, stack(0x000000e046100000,0x000000e046200000) (1024K)]
  0x000002d7f9e98280 WorkerThread "GC Thread#1"                     [id=17768, stack(0x000000e046e00000,0x000000e046f00000) (1024K)]
  0x000002d7fe4b7530 WorkerThread "GC Thread#2"                     [id=19004, stack(0x000000e046f00000,0x000000e047000000) (1024K)]
  0x000002d7fe4b78d0 WorkerThread "GC Thread#3"                     [id=23392, stack(0x000000e047000000,0x000000e047100000) (1024K)]
  0x000002d7fe4b7c70 WorkerThread "GC Thread#4"                     [id=21432, stack(0x000000e047100000,0x000000e047200000) (1024K)]
  0x000002d7fe3163b0 WorkerThread "GC Thread#5"                     [id=7476, stack(0x000000e047200000,0x000000e047300000) (1024K)]
  0x000002d7fe316b50 WorkerThread "GC Thread#6"                     [id=24284, stack(0x000000e047300000,0x000000e047400000) (1024K)]
  0x000002d7fe9c9570 WorkerThread "GC Thread#7"                     [id=11084, stack(0x000000e047700000,0x000000e047800000) (1024K)]
Total: 10

Threads with active compile tasks:
C2 CompilerThread0  70882 12699 %     4       org.eclipse.jdt.internal.core.index.DiskIndex::writeCategoryTable @ 22 (252 bytes)
C2 CompilerThread1  70882 12581       4       org.lombokweb.asm.ClassReader::readMethod (1066 bytes)
C2 CompilerThread2  70882 12449       4       org.eclipse.jdt.internal.compiler.parser.Scanner::internalScanIdentifierOrKeyword (4943 bytes)
Total: 3

VM state: not at safepoint (normal execution)

VM Mutex/Monitor currently owned by a thread: None

Heap address: 0x00000000c0000000, size: 1024 MB, Compressed Oops mode: 32-bit

CDS archive(s) mapped at: [0x000002d780000000-0x000002d780ba0000-0x000002d780ba0000), size 12189696, SharedBaseAddress: 0x000002d780000000, ArchiveRelocationMode: 1.
Compressed class space mapped at: 0x000002d781000000-0x000002d7c1000000, reserved size: 1073741824
Narrow klass base: 0x000002d780000000, Narrow klass shift: 0, Narrow klass range: 0x100000000

GC Precious Log:
 CardTable entry size: 512
 CPUs: 8 total, 8 available
 Memory: 7973M
 Large Page Support: Disabled
 NUMA Support: Disabled
 Compressed Oops: Enabled (32-bit)
 Alignments: Space 512K, Generation 512K, Heap 2M
 Heap Min Capacity: 100M
 Heap Initial Capacity: 100M
 Heap Max Capacity: 1G
 Pre-touch: Disabled
 Parallel Workers: 8

Heap:
 PSYoungGen      total 52224K, used 23365K [0x00000000eab00000, 0x00000000ee680000, 0x0000000100000000)
  eden space 49152K, 44% used [0x00000000eab00000,0x00000000ec08bb08,0x00000000edb00000)
  from space 3072K, 42% used [0x00000000ee080000,0x00000000ee1c5a10,0x00000000ee380000)
  to   space 2048K, 0% used [0x00000000ee480000,0x00000000ee480000,0x00000000ee680000)
 ParOldGen       total 453632K, used 453339K [0x00000000c0000000, 0x00000000dbb00000, 0x00000000eab00000)
  object space 453632K, 99% used [0x00000000c0000000,0x00000000dbab6e10,0x00000000dbb00000)
 Metaspace       used 65052K, committed 66560K, reserved 1114112K
  class space    used 6701K, committed 7360K, reserved 1048576K

Card table byte_map: [0x000002d7f5940000,0x000002d7f5b50000] _byte_map_base: 0x000002d7f5340000

Marking Bits: (ParMarkBitMap*) 0x00007ffd93102250
 Begin Bits: [0x000002d7f5cb0000, 0x000002d7f6cb0000)
 End Bits:   [0x000002d7f6cb0000, 0x000002d7f7cb0000)

Polling page: 0x000002d7e1b50000

Metaspace:

Usage:
  Non-class:     56.98 MB used.
      Class:      6.54 MB used.
       Both:     63.53 MB used.

Virtual space:
  Non-class space:       64.00 MB reserved,      57.81 MB ( 90%) committed,  1 nodes.
      Class space:        1.00 GB reserved,       7.19 MB ( <1%) committed,  1 nodes.
             Both:        1.06 GB reserved,      65.00 MB (  6%) committed. 

Chunk freelists:
   Non-Class:  5.64 MB
       Class:  8.78 MB
        Both:  14.42 MB

MaxMetaspaceSize: unlimited
CompressedClassSpaceSize: 1.00 GB
Initial GC threshold: 21.00 MB
Current GC threshold: 97.31 MB
CDS: on
 - commit_granule_bytes: 65536.
 - commit_granule_words: 8192.
 - virtual_space_node_default_size: 8388608.
 - enlarge_chunks_in_place: 1.
 - use_allocation_guard: 0.


Internal statistics:

num_allocs_failed_limit: 9.
num_arena_births: 1152.
num_arena_deaths: 18.
num_vsnodes_births: 2.
num_vsnodes_deaths: 0.
num_space_committed: 1040.
num_space_uncommitted: 0.
num_chunks_returned_to_freelist: 29.
num_chunks_taken_from_freelist: 4198.
num_chunk_merges: 13.
num_chunk_splits: 2611.
num_chunks_enlarged: 1500.
num_inconsistent_stats: 0.

CodeHeap 'non-profiled nmethods': size=120000Kb used=8056Kb max_used=8056Kb free=111943Kb
 bounds [0x000002d7ee230000, 0x000002d7eea10000, 0x000002d7f5760000]
CodeHeap 'profiled nmethods': size=120000Kb used=26049Kb max_used=26049Kb free=93950Kb
 bounds [0x000002d7e6760000, 0x000002d7e80e0000, 0x000002d7edc90000]
CodeHeap 'non-nmethods': size=5760Kb used=1453Kb max_used=1521Kb free=4307Kb
 bounds [0x000002d7edc90000, 0x000002d7edf00000, 0x000002d7ee230000]
 total_blobs=12650 nmethods=11895 adapters=660
 compilation: enabled
              stopped_count=0, restarted_count=0
 full_count=0

Compilation events (20 events):
Event: 58.703 Thread 0x000002d7f80adac0 12690       2       org.eclipse.jdt.internal.compiler.lookup.ModuleBinding::getVisiblePackage (67 bytes)
Event: 58.703 Thread 0x000002d7f80adac0 nmethod 12690 0x000002d7e80ca190 code [0x000002d7e80ca380, 0x000002d7e80ca6a0]
Event: 58.704 Thread 0x000002d7f80adac0 12692       3       org.eclipse.jdt.internal.compiler.lookup.PackageBinding::getPackage0 (12 bytes)
Event: 58.708 Thread 0x000002d7f80adac0 nmethod 12692 0x000002d7e80ca890 code [0x000002d7e80caa80, 0x000002d7e80cb050]
Event: 59.723 Thread 0x000002d7f80adac0 12698   !   3       java.util.zip.ZipFile$CleanableResource::run (251 bytes)
Event: 59.725 Thread 0x000002d7f80adac0 nmethod 12698 0x000002d7e80cb290 code [0x000002d7e80cb560, 0x000002d7e80cc5d8]
Event: 59.725 Thread 0x000002d7f80adac0 12696       3       org.eclipse.jdt.internal.compiler.lookup.BinaryTypeBinding::storedAnnotations (64 bytes)
Event: 59.725 Thread 0x000002d7f80adac0 nmethod 12696 0x000002d7e80ccd90 code [0x000002d7e80ccf80, 0x000002d7e80cd420]
Event: 59.725 Thread 0x000002d7f80adac0 12697       3       org.eclipse.jdt.internal.compiler.lookup.MethodBinding::<init> (141 bytes)
Event: 59.726 Thread 0x000002d7f80adac0 nmethod 12697 0x000002d7e80cd590 code [0x000002d7e80cd780, 0x000002d7e80cddd0]
Event: 59.726 Thread 0x000002d7f80adac0 12694       3       org.eclipse.jdt.internal.compiler.lookup.ModuleBinding::completeIfNeeded (53 bytes)
Event: 59.727 Thread 0x000002d7f80adac0 nmethod 12694 0x000002d7e80ce010 code [0x000002d7e80ce1e0, 0x000002d7e80ce6b8]
Event: 59.727 Thread 0x000002d7f80adac0 12695       2       org.eclipse.jdt.internal.compiler.lookup.LookupEnvironment::annotateType (151 bytes)
Event: 59.728 Thread 0x000002d7f80adac0 nmethod 12695 0x000002d7e80ce810 code [0x000002d7e80cea40, 0x000002d7e80cf070]
Event: 59.729 Thread 0x000002d7f80adac0 12691       2       org.eclipse.jdt.internal.compiler.lookup.ModuleBinding::getRequiredModules (19 bytes)
Event: 59.730 Thread 0x000002d7f80adac0 nmethod 12691 0x000002d7e80cf410 code [0x000002d7e80cf5e0, 0x000002d7e80cf7e0]
Event: 59.730 Thread 0x000002d7f80adac0 12700       2       org.eclipse.jdt.internal.compiler.impl.CompilerOptions::getSeverity (74 bytes)
Event: 59.730 Thread 0x000002d7f80adac0 nmethod 12700 0x000002d7e80cf990 code [0x000002d7e80cfb60, 0x000002d7e80cfe58]
Event: 62.763 Thread 0x000002d7f80adac0 12702       3       org.eclipse.jdt.internal.core.search.processing.JobManager$$Lambda/0x000002d78153ed58::test (12 bytes)
Event: 63.766 Thread 0x000002d7f80adac0 nmethod 12702 0x000002d7e80d0090 code [0x000002d7e80d0240, 0x000002d7e80d0528]

GC Heap History (20 events):
Event: 56.417 GC heap before
{Heap before GC invocations=433 (full 3):
 PSYoungGen      total 53760K, used 52242K [0x00000000eab00000, 0x00000000eea00000, 0x0000000100000000)
  eden space 51200K, 100% used [0x00000000eab00000,0x00000000edd00000,0x00000000edd00000)
  from space 2560K, 40% used [0x00000000edd00000,0x00000000ede04800,0x00000000edf80000)
  to   space 1536K, 0% used [0x00000000ee880000,0x00000000ee880000,0x00000000eea00000)
 ParOldGen       total 439296K, used 439064K [0x00000000c0000000, 0x00000000dad00000, 0x00000000eab00000)
  object space 439296K, 99% used [0x00000000c0000000,0x00000000dacc6218,0x00000000dad00000)
 Metaspace       used 62835K, committed 64384K, reserved 1114112K
  class space    used 6442K, committed 7104K, reserved 1048576K
}
Event: 56.439 GC heap after
{Heap after GC invocations=433 (full 3):
 PSYoungGen      total 62976K, used 1267K [0x00000000eab00000, 0x00000000eea00000, 0x0000000100000000)
  eden space 61440K, 0% used [0x00000000eab00000,0x00000000eab00000,0x00000000ee700000)
  from space 1536K, 82% used [0x00000000ee880000,0x00000000ee9bcfd0,0x00000000eea00000)
  to   space 1536K, 0% used [0x00000000ee700000,0x00000000ee700000,0x00000000ee880000)
 ParOldGen       total 440832K, used 440590K [0x00000000c0000000, 0x00000000dae80000, 0x00000000eab00000)
  object space 440832K, 99% used [0x00000000c0000000,0x00000000dae43a10,0x00000000dae80000)
 Metaspace       used 62835K, committed 64384K, reserved 1114112K
  class space    used 6442K, committed 7104K, reserved 1048576K
}
Event: 56.648 GC heap before
{Heap before GC invocations=434 (full 3):
 PSYoungGen      total 62976K, used 62707K [0x00000000eab00000, 0x00000000eea00000, 0x0000000100000000)
  eden space 61440K, 100% used [0x00000000eab00000,0x00000000ee700000,0x00000000ee700000)
  from space 1536K, 82% used [0x00000000ee880000,0x00000000ee9bcfd0,0x00000000eea00000)
  to   space 1536K, 0% used [0x00000000ee700000,0x00000000ee700000,0x00000000ee880000)
 ParOldGen       total 440832K, used 440590K [0x00000000c0000000, 0x00000000dae80000, 0x00000000eab00000)
  object space 440832K, 99% used [0x00000000c0000000,0x00000000dae43a40,0x00000000dae80000)
 Metaspace       used 62842K, committed 64384K, reserved 1114112K
  class space    used 6442K, committed 7104K, reserved 1048576K
}
Event: 56.661 GC heap after
{Heap after GC invocations=434 (full 3):
 PSYoungGen      total 62976K, used 1280K [0x00000000eab00000, 0x00000000eea00000, 0x0000000100000000)
  eden space 61440K, 0% used [0x00000000eab00000,0x00000000eab00000,0x00000000ee700000)
  from space 1536K, 83% used [0x00000000ee700000,0x00000000ee840000,0x00000000ee880000)
  to   space 1536K, 0% used [0x00000000ee880000,0x00000000ee880000,0x00000000eea00000)
 ParOldGen       total 441856K, used 441606K [0x00000000c0000000, 0x00000000daf80000, 0x00000000eab00000)
  object space 441856K, 99% used [0x00000000c0000000,0x00000000daf41a08,0x00000000daf80000)
 Metaspace       used 62842K, committed 64384K, reserved 1114112K
  class space    used 6442K, committed 7104K, reserved 1048576K
}
Event: 56.745 GC heap before
{Heap before GC invocations=435 (full 3):
 PSYoungGen      total 62976K, used 62720K [0x00000000eab00000, 0x00000000eea00000, 0x0000000100000000)
  eden space 61440K, 100% used [0x00000000eab00000,0x00000000ee700000,0x00000000ee700000)
  from space 1536K, 83% used [0x00000000ee700000,0x00000000ee840000,0x00000000ee880000)
  to   space 1536K, 0% used [0x00000000ee880000,0x00000000ee880000,0x00000000eea00000)
 ParOldGen       total 441856K, used 441609K [0x00000000c0000000, 0x00000000daf80000, 0x00000000eab00000)
  object space 441856K, 99% used [0x00000000c0000000,0x00000000daf42428,0x00000000daf80000)
 Metaspace       used 62844K, committed 64384K, reserved 1114112K
  class space    used 6442K, committed 7104K, reserved 1048576K
}
Event: 56.756 GC heap after
{Heap after GC invocations=435 (full 3):
 PSYoungGen      total 60416K, used 1517K [0x00000000eab00000, 0x00000000eed00000, 0x0000000100000000)
  eden space 58880K, 0% used [0x00000000eab00000,0x00000000eab00000,0x00000000ee480000)
  from space 1536K, 98% used [0x00000000ee880000,0x00000000ee9fb518,0x00000000eea00000)
  to   space 4096K, 0% used [0x00000000ee480000,0x00000000ee480000,0x00000000ee880000)
 ParOldGen       total 443904K, used 443449K [0x00000000c0000000, 0x00000000db180000, 0x00000000eab00000)
  object space 443904K, 99% used [0x00000000c0000000,0x00000000db10e428,0x00000000db180000)
 Metaspace       used 62844K, committed 64384K, reserved 1114112K
  class space    used 6442K, committed 7104K, reserved 1048576K
}
Event: 56.816 GC heap before
{Heap before GC invocations=436 (full 3):
 PSYoungGen      total 60416K, used 60397K [0x00000000eab00000, 0x00000000eed00000, 0x0000000100000000)
  eden space 58880K, 100% used [0x00000000eab00000,0x00000000ee480000,0x00000000ee480000)
  from space 1536K, 98% used [0x00000000ee880000,0x00000000ee9fb518,0x00000000eea00000)
  to   space 4096K, 0% used [0x00000000ee480000,0x00000000ee480000,0x00000000ee880000)
 ParOldGen       total 443904K, used 443449K [0x00000000c0000000, 0x00000000db180000, 0x00000000eab00000)
  object space 443904K, 99% used [0x00000000c0000000,0x00000000db10e428,0x00000000db180000)
 Metaspace       used 62844K, committed 64384K, reserved 1114112K
  class space    used 6442K, committed 7104K, reserved 1048576K
}
Event: 56.823 GC heap after
{Heap after GC invocations=436 (full 3):
 PSYoungGen      total 58368K, used 1504K [0x00000000eab00000, 0x00000000ee900000, 0x0000000100000000)
  eden space 56832K, 0% used [0x00000000eab00000,0x00000000eab00000,0x00000000ee280000)
  from space 1536K, 97% used [0x00000000ee480000,0x00000000ee5f8000,0x00000000ee600000)
  to   space 2560K, 0% used [0x00000000ee680000,0x00000000ee680000,0x00000000ee900000)
 ParOldGen       total 444928K, used 444689K [0x00000000c0000000, 0x00000000db280000, 0x00000000eab00000)
  object space 444928K, 99% used [0x00000000c0000000,0x00000000db244428,0x00000000db280000)
 Metaspace       used 62844K, committed 64384K, reserved 1114112K
  class space    used 6442K, committed 7104K, reserved 1048576K
}
Event: 57.053 GC heap before
{Heap before GC invocations=437 (full 3):
 PSYoungGen      total 58368K, used 58336K [0x00000000eab00000, 0x00000000ee900000, 0x0000000100000000)
  eden space 56832K, 100% used [0x00000000eab00000,0x00000000ee280000,0x00000000ee280000)
  from space 1536K, 97% used [0x00000000ee480000,0x00000000ee5f8000,0x00000000ee600000)
  to   space 2560K, 0% used [0x00000000ee680000,0x00000000ee680000,0x00000000ee900000)
 ParOldGen       total 449024K, used 448903K [0x00000000c0000000, 0x00000000db680000, 0x00000000eab00000)
  object space 449024K, 99% used [0x00000000c0000000,0x00000000db661e88,0x00000000db680000)
 Metaspace       used 62847K, committed 64384K, reserved 1114112K
  class space    used 6442K, committed 7104K, reserved 1048576K
}
Event: 57.062 GC heap after
{Heap after GC invocations=437 (full 3):
 PSYoungGen      total 57856K, used 576K [0x00000000eab00000, 0x00000000ee780000, 0x0000000100000000)
  eden space 56832K, 0% used [0x00000000eab00000,0x00000000eab00000,0x00000000ee280000)
  from space 1024K, 56% used [0x00000000ee680000,0x00000000ee710000,0x00000000ee780000)
  to   space 1536K, 0% used [0x00000000ee480000,0x00000000ee480000,0x00000000ee600000)
 ParOldGen       total 449536K, used 449455K [0x00000000c0000000, 0x00000000db700000, 0x00000000eab00000)
  object space 449536K, 99% used [0x00000000c0000000,0x00000000db6ebe98,0x00000000db700000)
 Metaspace       used 62847K, committed 64384K, reserved 1114112K
  class space    used 6442K, committed 7104K, reserved 1048576K
}
Event: 57.176 GC heap before
{Heap before GC invocations=438 (full 3):
 PSYoungGen      total 57856K, used 57408K [0x00000000eab00000, 0x00000000ee780000, 0x0000000100000000)
  eden space 56832K, 100% used [0x00000000eab00000,0x00000000ee280000,0x00000000ee280000)
  from space 1024K, 56% used [0x00000000ee680000,0x00000000ee710000,0x00000000ee780000)
  to   space 1536K, 0% used [0x00000000ee480000,0x00000000ee480000,0x00000000ee600000)
 ParOldGen       total 449536K, used 449457K [0x00000000c0000000, 0x00000000db700000, 0x00000000eab00000)
  object space 449536K, 99% used [0x00000000c0000000,0x00000000db6ec600,0x00000000db700000)
 Metaspace       used 62854K, committed 64384K, reserved 1114112K
  class space    used 6442K, committed 7104K, reserved 1048576K
}
Event: 57.190 GC heap after
{Heap after GC invocations=438 (full 3):
 PSYoungGen      total 56832K, used 576K [0x00000000eab00000, 0x00000000ee700000, 0x0000000100000000)
  eden space 55296K, 0% used [0x00000000eab00000,0x00000000eab00000,0x00000000ee100000)
  from space 1536K, 37% used [0x00000000ee480000,0x00000000ee510000,0x00000000ee600000)
  to   space 1024K, 0% used [0x00000000ee600000,0x00000000ee600000,0x00000000ee700000)
 ParOldGen       total 450048K, used 449825K [0x00000000c0000000, 0x00000000db780000, 0x00000000eab00000)
  object space 450048K, 99% used [0x00000000c0000000,0x00000000db748600,0x00000000db780000)
 Metaspace       used 62854K, committed 64384K, reserved 1114112K
  class space    used 6442K, committed 7104K, reserved 1048576K
}
Event: 57.321 GC heap before
{Heap before GC invocations=439 (full 3):
 PSYoungGen      total 56832K, used 55872K [0x00000000eab00000, 0x00000000ee700000, 0x0000000100000000)
  eden space 55296K, 100% used [0x00000000eab00000,0x00000000ee100000,0x00000000ee100000)
  from space 1536K, 37% used [0x00000000ee480000,0x00000000ee510000,0x00000000ee600000)
  to   space 1024K, 0% used [0x00000000ee600000,0x00000000ee600000,0x00000000ee700000)
 ParOldGen       total 450048K, used 449825K [0x00000000c0000000, 0x00000000db780000, 0x00000000eab00000)
  object space 450048K, 99% used [0x00000000c0000000,0x00000000db748600,0x00000000db780000)
 Metaspace       used 62856K, committed 64384K, reserved 1114112K
  class space    used 6442K, committed 7104K, reserved 1048576K
}
Event: 57.344 GC heap after
{Heap after GC invocations=439 (full 3):
 PSYoungGen      total 54784K, used 832K [0x00000000eab00000, 0x00000000ee700000, 0x0000000100000000)
  eden space 53760K, 0% used [0x00000000eab00000,0x00000000eab00000,0x00000000edf80000)
  from space 1024K, 81% used [0x00000000ee600000,0x00000000ee6d0000,0x00000000ee700000)
  to   space 1024K, 0% used [0x00000000ee500000,0x00000000ee500000,0x00000000ee600000)
 ParOldGen       total 450560K, used 450201K [0x00000000c0000000, 0x00000000db800000, 0x00000000eab00000)
  object space 450560K, 99% used [0x00000000c0000000,0x00000000db7a6600,0x00000000db800000)
 Metaspace       used 62856K, committed 64384K, reserved 1114112K
  class space    used 6442K, committed 7104K, reserved 1048576K
}
Event: 57.477 GC heap before
{Heap before GC invocations=440 (full 3):
 PSYoungGen      total 54784K, used 54592K [0x00000000eab00000, 0x00000000ee700000, 0x0000000100000000)
  eden space 53760K, 100% used [0x00000000eab00000,0x00000000edf80000,0x00000000edf80000)
  from space 1024K, 81% used [0x00000000ee600000,0x00000000ee6d0000,0x00000000ee700000)
  to   space 1024K, 0% used [0x00000000ee500000,0x00000000ee500000,0x00000000ee600000)
 ParOldGen       total 450560K, used 450201K [0x00000000c0000000, 0x00000000db800000, 0x00000000eab00000)
  object space 450560K, 99% used [0x00000000c0000000,0x00000000db7a6600,0x00000000db800000)
 Metaspace       used 62873K, committed 64384K, reserved 1114112K
  class space    used 6442K, committed 7104K, reserved 1048576K
}
Event: 57.488 GC heap after
{Heap after GC invocations=440 (full 3):
 PSYoungGen      total 53248K, used 994K [0x00000000eab00000, 0x00000000ee680000, 0x0000000100000000)
  eden space 52224K, 0% used [0x00000000eab00000,0x00000000eab00000,0x00000000ede00000)
  from space 1024K, 97% used [0x00000000ee500000,0x00000000ee5f8800,0x00000000ee600000)
  to   space 512K, 0% used [0x00000000ee600000,0x00000000ee600000,0x00000000ee680000)
 ParOldGen       total 451072K, used 450897K [0x00000000c0000000, 0x00000000db880000, 0x00000000eab00000)
  object space 451072K, 99% used [0x00000000c0000000,0x00000000db854600,0x00000000db880000)
 Metaspace       used 62873K, committed 64384K, reserved 1114112K
  class space    used 6442K, committed 7104K, reserved 1048576K
}
Event: 57.647 GC heap before
{Heap before GC invocations=441 (full 3):
 PSYoungGen      total 53248K, used 53218K [0x00000000eab00000, 0x00000000ee680000, 0x0000000100000000)
  eden space 52224K, 100% used [0x00000000eab00000,0x00000000ede00000,0x00000000ede00000)
  from space 1024K, 97% used [0x00000000ee500000,0x00000000ee5f8800,0x00000000ee600000)
  to   space 512K, 0% used [0x00000000ee600000,0x00000000ee600000,0x00000000ee680000)
 ParOldGen       total 451072K, used 450897K [0x00000000c0000000, 0x00000000db880000, 0x00000000eab00000)
  object space 451072K, 99% used [0x00000000c0000000,0x00000000db854600,0x00000000db880000)
 Metaspace       used 62897K, committed 64448K, reserved 1114112K
  class space    used 6445K, committed 7104K, reserved 1048576K
}
Event: 57.664 GC heap after
{Heap after GC invocations=441 (full 3):
 PSYoungGen      total 51200K, used 496K [0x00000000eab00000, 0x00000000ee680000, 0x0000000100000000)
  eden space 50688K, 0% used [0x00000000eab00000,0x00000000eab00000,0x00000000edc80000)
  from space 512K, 96% used [0x00000000ee600000,0x00000000ee67c010,0x00000000ee680000)
  to   space 3072K, 0% used [0x00000000ee080000,0x00000000ee080000,0x00000000ee380000)
 ParOldGen       total 453120K, used 452851K [0x00000000c0000000, 0x00000000dba80000, 0x00000000eab00000)
  object space 453120K, 99% used [0x00000000c0000000,0x00000000dba3ce00,0x00000000dba80000)
 Metaspace       used 62897K, committed 64448K, reserved 1114112K
  class space    used 6445K, committed 7104K, reserved 1048576K
}
Event: 58.203 GC heap before
{Heap before GC invocations=442 (full 3):
 PSYoungGen      total 51200K, used 51184K [0x00000000eab00000, 0x00000000ee680000, 0x0000000100000000)
  eden space 50688K, 100% used [0x00000000eab00000,0x00000000edc80000,0x00000000edc80000)
  from space 512K, 96% used [0x00000000ee600000,0x00000000ee67c010,0x00000000ee680000)
  to   space 3072K, 0% used [0x00000000ee080000,0x00000000ee080000,0x00000000ee380000)
 ParOldGen       total 453120K, used 452851K [0x00000000c0000000, 0x00000000dba80000, 0x00000000eab00000)
  object space 453120K, 99% used [0x00000000c0000000,0x00000000dba3ce00,0x00000000dba80000)
 Metaspace       used 64086K, committed 65600K, reserved 1114112K
  class space    used 6564K, committed 7232K, reserved 1048576K
}
Event: 58.214 GC heap after
{Heap after GC invocations=442 (full 3):
 PSYoungGen      total 52224K, used 1302K [0x00000000eab00000, 0x00000000ee680000, 0x0000000100000000)
  eden space 49152K, 0% used [0x00000000eab00000,0x00000000eab00000,0x00000000edb00000)
  from space 3072K, 42% used [0x00000000ee080000,0x00000000ee1c5a10,0x00000000ee380000)
  to   space 2048K, 0% used [0x00000000ee480000,0x00000000ee480000,0x00000000ee680000)
 ParOldGen       total 453632K, used 453339K [0x00000000c0000000, 0x00000000dbb00000, 0x00000000eab00000)
  object space 453632K, 99% used [0x00000000c0000000,0x00000000dbab6e10,0x00000000dbb00000)
 Metaspace       used 64086K, committed 65600K, reserved 1114112K
  class space    used 6564K, committed 7232K, reserved 1048576K
}

Dll operation events (10 events):
Event: 0.017 Loaded shared library c:\Users\Microsoft\.vscode\extensions\redhat.java-1.39.0-win32-x64\jre\21.0.5-win32-x86_64\bin\java.dll
Event: 0.066 Loaded shared library c:\Users\Microsoft\.vscode\extensions\redhat.java-1.39.0-win32-x64\jre\21.0.5-win32-x86_64\bin\zip.dll
Event: 0.277 Loaded shared library C:\Users\Microsoft\.vscode\extensions\redhat.java-1.39.0-win32-x64\jre\21.0.5-win32-x86_64\bin\instrument.dll
Event: 0.296 Loaded shared library C:\Users\Microsoft\.vscode\extensions\redhat.java-1.39.0-win32-x64\jre\21.0.5-win32-x86_64\bin\net.dll
Event: 0.302 Loaded shared library C:\Users\Microsoft\.vscode\extensions\redhat.java-1.39.0-win32-x64\jre\21.0.5-win32-x86_64\bin\nio.dll
Event: 0.313 Loaded shared library C:\Users\Microsoft\.vscode\extensions\redhat.java-1.39.0-win32-x64\jre\21.0.5-win32-x86_64\bin\zip.dll
Event: 0.358 Loaded shared library C:\Users\Microsoft\.vscode\extensions\redhat.java-1.39.0-win32-x64\jre\21.0.5-win32-x86_64\bin\jimage.dll
Event: 0.611 Loaded shared library c:\Users\Microsoft\.vscode\extensions\redhat.java-1.39.0-win32-x64\jre\21.0.5-win32-x86_64\bin\verify.dll
Event: 3.427 Loaded shared library C:\Users\Microsoft\AppData\Roaming\Code\User\globalStorage\redhat.java\1.39.0\config_win\org.eclipse.equinox.launcher\org.eclipse.equinox.launcher.win32.win32.x86_64_1.2.1100.v20240722-2106\eclipse_11904.dll
Event: 6.068 Loaded shared library C:\Users\Microsoft\AppData\Local\Temp\jna-1909739726\jna5574149931634626169.dll

Deoptimization events (20 events):
Event: 60.737 Thread 0x000002d7fe6aa3a0 DEOPT PACKING pc=0x000002d7e80c224c sp=0x000000e0482ff210
Event: 60.737 Thread 0x000002d7fe6aa3a0 DEOPT UNPACKING pc=0x000002d7edce78e2 sp=0x000000e0482fe710 mode 0
Event: 60.800 Thread 0x000002d7fe6aa3a0 DEOPT PACKING pc=0x000002d7e80c224c sp=0x000000e0482ff210
Event: 60.800 Thread 0x000002d7fe6aa3a0 DEOPT UNPACKING pc=0x000002d7edce78e2 sp=0x000000e0482fe710 mode 0
Event: 62.762 Thread 0x000002d7fe6aa3a0 Uncommon trap: trap_request=0xffffffc6 fr.pc=0x000002d7ee4d0e8c relative=0x000000000000044c
Event: 62.762 Thread 0x000002d7fe6aa3a0 Uncommon trap: reason=bimorphic_or_optimized_type_check action=maybe_recompile pc=0x000002d7ee4d0e8c method=org.eclipse.jdt.internal.core.search.processing.JobManager$$Lambda/0x000002d78153ed58.test(Ljava/lang/Object;)Z @ 8 c2
Event: 62.762 Thread 0x000002d7fe6aa3a0 DEOPT PACKING pc=0x000002d7ee4d0e8c sp=0x000000e0482ff250
Event: 62.762 Thread 0x000002d7fe6aa3a0 DEOPT UNPACKING pc=0x000002d7edce6da2 sp=0x000000e0482ff1e8 mode 2
Event: 62.762 Thread 0x000002d7fe6aa3a0 Uncommon trap: trap_request=0xffffffc6 fr.pc=0x000002d7ee4d0e8c relative=0x000000000000044c
Event: 62.762 Thread 0x000002d7fe6aa3a0 Uncommon trap: reason=bimorphic_or_optimized_type_check action=maybe_recompile pc=0x000002d7ee4d0e8c method=org.eclipse.jdt.internal.core.search.processing.JobManager$$Lambda/0x000002d78153ed58.test(Ljava/lang/Object;)Z @ 8 c2
Event: 62.762 Thread 0x000002d7fe6aa3a0 DEOPT PACKING pc=0x000002d7ee4d0e8c sp=0x000000e0482ff250
Event: 62.762 Thread 0x000002d7fe6aa3a0 DEOPT UNPACKING pc=0x000002d7edce6da2 sp=0x000000e0482ff1e8 mode 2
Event: 62.762 Thread 0x000002d7fe6aa3a0 Uncommon trap: trap_request=0xffffffc6 fr.pc=0x000002d7ee4d0e8c relative=0x000000000000044c
Event: 62.762 Thread 0x000002d7fe6aa3a0 Uncommon trap: reason=bimorphic_or_optimized_type_check action=maybe_recompile pc=0x000002d7ee4d0e8c method=org.eclipse.jdt.internal.core.search.processing.JobManager$$Lambda/0x000002d78153ed58.test(Ljava/lang/Object;)Z @ 8 c2
Event: 62.762 Thread 0x000002d7fe6aa3a0 DEOPT PACKING pc=0x000002d7ee4d0e8c sp=0x000000e0482ff250
Event: 62.762 Thread 0x000002d7fe6aa3a0 DEOPT UNPACKING pc=0x000002d7edce6da2 sp=0x000000e0482ff1e8 mode 2
Event: 62.762 Thread 0x000002d7fe6aa3a0 Uncommon trap: trap_request=0xffffffc6 fr.pc=0x000002d7ee4d0e8c relative=0x000000000000044c
Event: 62.762 Thread 0x000002d7fe6aa3a0 Uncommon trap: reason=bimorphic_or_optimized_type_check action=maybe_recompile pc=0x000002d7ee4d0e8c method=org.eclipse.jdt.internal.core.search.processing.JobManager$$Lambda/0x000002d78153ed58.test(Ljava/lang/Object;)Z @ 8 c2
Event: 62.762 Thread 0x000002d7fe6aa3a0 DEOPT PACKING pc=0x000002d7ee4d0e8c sp=0x000000e0482ff250
Event: 62.762 Thread 0x000002d7fe6aa3a0 DEOPT UNPACKING pc=0x000002d7edce6da2 sp=0x000000e0482ff1e8 mode 2

Classes loaded (20 events):
Event: 49.265 Loading class java/io/SequenceInputStream
Event: 49.277 Loading class java/io/SequenceInputStream done
Event: 49.321 Loading class org/xml/sax/SAXNotRecognizedException
Event: 49.323 Loading class org/xml/sax/SAXNotRecognizedException done
Event: 49.323 Loading class org/xml/sax/SAXNotSupportedException
Event: 49.324 Loading class org/xml/sax/SAXNotSupportedException done
Event: 49.325 Loading class com/sun/org/apache/xerces/internal/util/URI
Event: 49.328 Loading class com/sun/org/apache/xerces/internal/util/URI done
Event: 49.336 Loading class com/sun/org/apache/xerces/internal/xni/XNIException
Event: 49.337 Loading class com/sun/org/apache/xerces/internal/xni/XNIException done
Event: 49.337 Loading class com/sun/org/apache/xerces/internal/xni/parser/XMLParseException
Event: 49.337 Loading class com/sun/org/apache/xerces/internal/xni/parser/XMLParseException done
Event: 51.418 Loading class java/lang/UnsupportedClassVersionError
Event: 51.418 Loading class java/lang/UnsupportedClassVersionError done
Event: 52.591 Loading class jdk/internal/module/IllegalAccessLogger
Event: 52.591 Loading class jdk/internal/module/IllegalAccessLogger done
Event: 52.726 Loading class java/lang/invoke/MethodHandleImpl$CountingWrapper$1
Event: 52.727 Loading class java/lang/invoke/MethodHandleImpl$CountingWrapper$1 done
Event: 52.835 Loading class java/nio/BufferMismatch
Event: 52.836 Loading class java/nio/BufferMismatch done

Classes unloaded (9 events):
Event: 7.183 Thread 0x000002d7e33ffef0 Unloading class 0x000002d781198800 'java/lang/invoke/LambdaForm$MH+0x000002d781198800'
Event: 7.183 Thread 0x000002d7e33ffef0 Unloading class 0x000002d781198400 'java/lang/invoke/LambdaForm$MH+0x000002d781198400'
Event: 7.183 Thread 0x000002d7e33ffef0 Unloading class 0x000002d781198000 'java/lang/invoke/LambdaForm$MH+0x000002d781198000'
Event: 7.183 Thread 0x000002d7e33ffef0 Unloading class 0x000002d781197c00 'java/lang/invoke/LambdaForm$MH+0x000002d781197c00'
Event: 7.183 Thread 0x000002d7e33ffef0 Unloading class 0x000002d781197800 'java/lang/invoke/LambdaForm$BMH+0x000002d781197800'
Event: 7.183 Thread 0x000002d7e33ffef0 Unloading class 0x000002d781197400 'java/lang/invoke/LambdaForm$DMH+0x000002d781197400'
Event: 7.183 Thread 0x000002d7e33ffef0 Unloading class 0x000002d781196400 'java/lang/invoke/LambdaForm$DMH+0x000002d781196400'
Event: 45.413 Thread 0x000002d7e33ffef0 Unloading class 0x000002d781664c00 'java/lang/invoke/LambdaForm$DMH+0x000002d781664c00'
Event: 45.414 Thread 0x000002d7e33ffef0 Unloading class 0x000002d781664800 'java/lang/invoke/LambdaForm$DMH+0x000002d781664800'

Classes redefined (0 events):
No events

Internal exceptions (20 events):
Event: 50.305 Thread 0x000002d7c1b2ef90 Exception <a 'sun/nio/fs/WindowsException'{0x00000000ead26338}> (0x00000000ead26338) 
thrown [s\src\hotspot\share\prims\jni.cpp, line 520]
Event: 50.305 Thread 0x000002d7c1b2ef90 Exception <a 'sun/nio/fs/WindowsException'{0x00000000ead26968}> (0x00000000ead26968) 
thrown [s\src\hotspot\share\prims\jni.cpp, line 520]
Event: 50.306 Thread 0x000002d7c1b2ef90 Exception <a 'sun/nio/fs/WindowsException'{0x00000000ead27a58}> (0x00000000ead27a58) 
thrown [s\src\hotspot\share\prims\jni.cpp, line 520]
Event: 50.307 Thread 0x000002d7c1b2ef90 Exception <a 'sun/nio/fs/WindowsException'{0x00000000ead28428}> (0x00000000ead28428) 
thrown [s\src\hotspot\share\prims\jni.cpp, line 520]
Event: 50.307 Thread 0x000002d7c1b2ef90 Exception <a 'sun/nio/fs/WindowsException'{0x00000000ead29288}> (0x00000000ead29288) 
thrown [s\src\hotspot\share\prims\jni.cpp, line 520]
Event: 50.308 Thread 0x000002d7c1b2ef90 Exception <a 'sun/nio/fs/WindowsException'{0x00000000ead29c30}> (0x00000000ead29c30) 
thrown [s\src\hotspot\share\prims\jni.cpp, line 520]
Event: 50.310 Thread 0x000002d7c1b2ef90 Exception <a 'sun/nio/fs/WindowsException'{0x00000000ead2a9d8}> (0x00000000ead2a9d8) 
thrown [s\src\hotspot\share\prims\jni.cpp, line 520]
Event: 50.310 Thread 0x000002d7c1b2ef90 Exception <a 'sun/nio/fs/WindowsException'{0x00000000ead2b008}> (0x00000000ead2b008) 
thrown [s\src\hotspot\share\prims\jni.cpp, line 520]
Event: 50.311 Thread 0x000002d7c1b2ef90 Exception <a 'sun/nio/fs/WindowsException'{0x00000000ead50868}> (0x00000000ead50868) 
thrown [s\src\hotspot\share\prims\jni.cpp, line 520]
Event: 50.311 Thread 0x000002d7c1b2ef90 Exception <a 'sun/nio/fs/WindowsException'{0x00000000ead50e98}> (0x00000000ead50e98) 
thrown [s\src\hotspot\share\prims\jni.cpp, line 520]
Event: 50.555 Thread 0x000002d7c1b2ef90 Exception <a 'java/lang/IncompatibleClassChangeError'{0x00000000eab5fd38}: Found class java.lang.Object, but interface was expected> (0x00000000eab5fd38) 
thrown [s\src\hotspot\share\interpreter\linkResolver.cpp, line 840]
Event: 50.591 Thread 0x000002d7c1b2ef90 Implicit null exception at 0x000002d7ee3e4782 to 0x000002d7ee3e487c
Event: 50.591 Thread 0x000002d7c1b2ef90 Implicit null exception at 0x000002d7ee3f4bda to 0x000002d7ee3f4c61
Event: 50.598 Thread 0x000002d7c1b2ef90 Exception <a 'java/lang/IncompatibleClassChangeError'{0x00000000eab6e930}: Found class java.lang.Object, but interface was expected> (0x00000000eab6e930) 
thrown [s\src\hotspot\share\interpreter\linkResolver.cpp, line 840]
Event: 50.601 Thread 0x000002d7c1b2ef90 Exception <a 'java/lang/IncompatibleClassChangeError'{0x00000000eab72958}: Found class java.lang.Object, but interface was expected> (0x00000000eab72958) 
thrown [s\src\hotspot\share\interpreter\linkResolver.cpp, line 840]
Event: 51.506 Thread 0x000002d7c2647f80 Exception <a 'java/lang/NoSuchMethodError'{0x00000000eadff420}: 'int java.lang.invoke.Invokers$Holder.invokeExact_MT(java.lang.Object, java.lang.Object)'> (0x00000000eadff420) 
thrown [s\src\hotspot\share\interpreter\linkResolver.cpp, line 773]
Event: 52.113 Thread 0x000002d7c1b2ef90 Exception <a 'java/lang/IncompatibleClassChangeError'{0x00000000eb1bbbc8}: Found class java.lang.Object, but interface was expected> (0x00000000eb1bbbc8) 
thrown [s\src\hotspot\share\interpreter\linkResolver.cpp, line 840]
Event: 52.544 Thread 0x000002d7c50cb980 Exception <a 'java/lang/NoSuchMethodError'{0x00000000eaf134f0}: 'java.lang.Object java.lang.invoke.DirectMethodHandle$Holder.invokeSpecial(java.lang.Object, java.lang.Object, int, long)'> (0x00000000eaf134f0) 
thrown [s\src\hotspot\share\interpreter\linkResolver.cpp, line 773]
Event: 56.108 Thread 0x000002d7c2647f80 Exception <a 'java/lang/IncompatibleClassChangeError'{0x00000000eabe0160}: Found class java.lang.Object, but interface was expected> (0x00000000eabe0160) 
thrown [s\src\hotspot\share\interpreter\linkResolver.cpp, line 840]
Event: 60.924 Thread 0x000002d7fe6aa3a0 Exception <a 'sun/nio/fs/WindowsException'{0x00000000ebe66738}> (0x00000000ebe66738) 
thrown [s\src\hotspot\share\prims\jni.cpp, line 520]

ZGC Phase Switch (0 events):
No events

VM Operations (20 events):
Event: 57.317 Executing VM operation: ParallelGCFailedAllocation (Allocation Failure)
Event: 57.344 Executing VM operation: ParallelGCFailedAllocation (Allocation Failure) done
Event: 57.445 Executing VM operation: ParallelGCFailedAllocation (Allocation Failure)
Event: 57.488 Executing VM operation: ParallelGCFailedAllocation (Allocation Failure) done
Event: 57.597 Executing VM operation: ParallelGCFailedAllocation (Allocation Failure)
Event: 57.664 Executing VM operation: ParallelGCFailedAllocation (Allocation Failure) done
Event: 57.751 Executing VM operation: HandshakeAllThreads (Deoptimize)
Event: 57.753 Executing VM operation: HandshakeAllThreads (Deoptimize) done
Event: 58.110 Executing VM operation: ParallelGCFailedAllocation (Allocation Failure)
Event: 58.214 Executing VM operation: ParallelGCFailedAllocation (Allocation Failure) done
Event: 59.215 Executing VM operation: Cleanup
Event: 59.723 Executing VM operation: Cleanup done
Event: 60.257 Executing VM operation: HandshakeAllThreads (HandshakeForDeflation)
Event: 60.751 Executing VM operation: HandshakeAllThreads (HandshakeForDeflation) done
Event: 60.751 Executing VM operation: RendezvousGCThreads
Event: 60.751 Executing VM operation: RendezvousGCThreads done
Event: 63.765 Executing VM operation: Cleanup
Event: 63.766 Executing VM operation: Cleanup done
Event: 64.775 Executing VM operation: Cleanup
Event: 64.775 Executing VM operation: Cleanup done

Memory protections (0 events):
No events

Nmethod flushes (20 events):
Event: 45.479 Thread 0x000002d7e33ffef0 flushing  nmethod 0x000002d7e70cc410
Event: 45.479 Thread 0x000002d7e33ffef0 flushing  nmethod 0x000002d7e70cc990
Event: 45.479 Thread 0x000002d7e33ffef0 flushing  nmethod 0x000002d7e70cea90
Event: 45.479 Thread 0x000002d7e33ffef0 flushing  nmethod 0x000002d7e70cef90
Event: 45.479 Thread 0x000002d7e33ffef0 flushing  nmethod 0x000002d7e70d1010
Event: 45.479 Thread 0x000002d7e33ffef0 flushing  nmethod 0x000002d7e70d1b10
Event: 45.479 Thread 0x000002d7e33ffef0 flushing  nmethod 0x000002d7e70d8d10
Event: 45.479 Thread 0x000002d7e33ffef0 flushing  nmethod 0x000002d7e70e6990
Event: 45.479 Thread 0x000002d7e33ffef0 flushing  nmethod 0x000002d7e70eaa10
Event: 45.479 Thread 0x000002d7e33ffef0 flushing  nmethod 0x000002d7e70eb210
Event: 45.479 Thread 0x000002d7e33ffef0 flushing  nmethod 0x000002d7e70eb810
Event: 45.479 Thread 0x000002d7e33ffef0 flushing  nmethod 0x000002d7e70eda90
Event: 45.479 Thread 0x000002d7e33ffef0 flushing  nmethod 0x000002d7e70edf10
Event: 45.479 Thread 0x000002d7e33ffef0 flushing  nmethod 0x000002d7e70f0490
Event: 45.479 Thread 0x000002d7e33ffef0 flushing  nmethod 0x000002d7e70fae90
Event: 45.479 Thread 0x000002d7e33ffef0 flushing  nmethod 0x000002d7e70ffd10
Event: 45.479 Thread 0x000002d7e33ffef0 flushing  nmethod 0x000002d7e7106110
Event: 45.479 Thread 0x000002d7e33ffef0 flushing  nmethod 0x000002d7e712a390
Event: 45.479 Thread 0x000002d7e33ffef0 flushing  nmethod 0x000002d7e712c990
Event: 45.479 Thread 0x000002d7e33ffef0 flushing  nmethod 0x000002d7e7149010

Events (20 events):
Event: 44.426 Thread 0x000002d7fe6ab750 Thread added: 0x000002d7c2646bd0
Event: 44.426 Thread 0x000002d7fe6ab750 Thread added: 0x000002d7c2647f80
Event: 44.427 Thread 0x000002d7fe6ab750 Thread added: 0x000002d7c26478f0
Event: 44.427 Thread 0x000002d7fe6ab750 Thread added: 0x000002d7c189dbe0
Event: 44.427 Thread 0x000002d7fe6ab750 Thread added: 0x000002d7c189e270
Event: 45.192 Thread 0x000002d7c26478f0 Thread exited: 0x000002d7c26478f0
Event: 45.210 Thread 0x000002d7c2646bd0 Thread exited: 0x000002d7c2646bd0
Event: 45.212 Thread 0x000002d7c189dbe0 Thread exited: 0x000002d7c189dbe0
Event: 45.221 Thread 0x000002d7c189e270 Thread exited: 0x000002d7c189e270
Event: 45.222 Thread 0x000002d7c2647f80 Thread exited: 0x000002d7c2647f80
Event: 47.771 Thread 0x000002d7c1b2ef90 Thread added: 0x000002d7c2646bd0
Event: 49.128 Thread 0x000002d7fe6ad820 Thread added: 0x000002d7c26478f0
Event: 50.559 Thread 0x000002d7c1b2ef90 Thread added: 0x000002d7c2647f80
Event: 50.738 Thread 0x000002d7c2259240 Thread exited: 0x000002d7c2259240
Event: 51.294 Thread 0x000002d7fe6acb00 Thread added: 0x000002d7c50cb980
Event: 51.384 Thread 0x000002d7f80adac0 Thread added: 0x000002d7fed9a9e0
Event: 51.592 Thread 0x000002d7c1b2ef90 Thread added: 0x000002d7c50c98b0
Event: 51.611 Thread 0x000002d7c1b2ef90 Thread added: 0x000002d7c50c9f40
Event: 51.694 Thread 0x000002d7c1b2ef90 Thread added: 0x000002d7c50c9220
Event: 51.699 Thread 0x000002d7c50cb980 Thread added: 0x000002d7c50cc010


Dynamic libraries:
0x00007ff7c4410000 - 0x00007ff7c441e000 	c:\Users\Microsoft\.vscode\extensions\redhat.java-1.39.0-win32-x64\jre\21.0.5-win32-x86_64\bin\java.exe
0x00007ffe4a940000 - 0x00007ffe4aba3000 	C:\WINDOWS\SYSTEM32\ntdll.dll
0x00007ffe48a80000 - 0x00007ffe48b47000 	C:\WINDOWS\System32\KERNEL32.DLL
0x00007ffe47d10000 - 0x00007ffe480d7000 	C:\WINDOWS\System32\KERNELBASE.dll
0x00007ffe48380000 - 0x00007ffe484cc000 	C:\WINDOWS\System32\ucrtbase.dll
0x00007ffe2cb10000 - 0x00007ffe2cb28000 	c:\Users\Microsoft\.vscode\extensions\redhat.java-1.39.0-win32-x64\jre\21.0.5-win32-x86_64\bin\jli.dll
0x00007ffe49160000 - 0x00007ffe49329000 	C:\WINDOWS\System32\USER32.dll
0x00007ffe29460000 - 0x00007ffe2947e000 	c:\Users\Microsoft\.vscode\extensions\redhat.java-1.39.0-win32-x64\jre\21.0.5-win32-x86_64\bin\VCRUNTIME140.dll
0x00007ffe2b170000 - 0x00007ffe2b400000 	C:\WINDOWS\WinSxS\amd64_microsoft.windows.common-controls_6595b64144ccf1df_6.0.26100.3037_none_3e09262ce333c378\COMCTL32.dll
0x00007ffe47ce0000 - 0x00007ffe47d07000 	C:\WINDOWS\System32\win32u.dll
0x00007ffe4a700000 - 0x00007ffe4a7a9000 	C:\WINDOWS\System32\msvcrt.dll
0x00007ffe48c40000 - 0x00007ffe48c6a000 	C:\WINDOWS\System32\GDI32.dll
0x00007ffe484d0000 - 0x00007ffe485fb000 	C:\WINDOWS\System32\gdi32full.dll
0x00007ffe48210000 - 0x00007ffe482b3000 	C:\WINDOWS\System32\msvcp_win.dll
0x00007ffe4a5c0000 - 0x00007ffe4a5ef000 	C:\WINDOWS\System32\IMM32.DLL
0x00007ffe412e0000 - 0x00007ffe412ec000 	c:\Users\Microsoft\.vscode\extensions\redhat.java-1.39.0-win32-x64\jre\21.0.5-win32-x86_64\bin\vcruntime140_1.dll
0x00007ffe0de90000 - 0x00007ffe0df1d000 	c:\Users\Microsoft\.vscode\extensions\redhat.java-1.39.0-win32-x64\jre\21.0.5-win32-x86_64\bin\msvcp140.dll
0x00007ffd92450000 - 0x00007ffd931df000 	c:\Users\Microsoft\.vscode\extensions\redhat.java-1.39.0-win32-x64\jre\21.0.5-win32-x86_64\bin\server\jvm.dll
0x00007ffe48cc0000 - 0x00007ffe48d74000 	C:\WINDOWS\System32\ADVAPI32.dll
0x00007ffe4a7d0000 - 0x00007ffe4a876000 	C:\WINDOWS\System32\sechost.dll
0x00007ffe49f20000 - 0x00007ffe4a036000 	C:\WINDOWS\System32\RPCRT4.dll
0x00007ffe4a880000 - 0x00007ffe4a8f4000 	C:\WINDOWS\System32\WS2_32.dll
0x00007ffe475b0000 - 0x00007ffe475fe000 	C:\WINDOWS\SYSTEM32\POWRPROF.dll
0x00007ffe2fdb0000 - 0x00007ffe2fde6000 	C:\WINDOWS\SYSTEM32\WINMM.dll
0x00007ffe388c0000 - 0x00007ffe388cb000 	C:\WINDOWS\SYSTEM32\VERSION.dll
0x00007ffe47550000 - 0x00007ffe47564000 	C:\WINDOWS\SYSTEM32\UMPDC.dll
0x00007ffe46ad0000 - 0x00007ffe46aea000 	C:\WINDOWS\SYSTEM32\kernel.appcore.dll
0x00007ffe37190000 - 0x00007ffe3719a000 	c:\Users\Microsoft\.vscode\extensions\redhat.java-1.39.0-win32-x64\jre\21.0.5-win32-x86_64\bin\jimage.dll
0x00007ffe45680000 - 0x00007ffe458c1000 	C:\WINDOWS\SYSTEM32\DBGHELP.DLL
0x00007ffe48dd0000 - 0x00007ffe4914e000 	C:\WINDOWS\System32\combase.dll
0x00007ffe494d0000 - 0x00007ffe495a6000 	C:\WINDOWS\System32\OLEAUT32.dll
0x00007ffe2ca90000 - 0x00007ffe2cac9000 	C:\WINDOWS\SYSTEM32\dbgcore.DLL
0x00007ffe48170000 - 0x00007ffe48209000 	C:\WINDOWS\System32\bcryptPrimitives.dll
0x00007ffe36e10000 - 0x00007ffe36e1f000 	c:\Users\Microsoft\.vscode\extensions\redhat.java-1.39.0-win32-x64\jre\21.0.5-win32-x86_64\bin\instrument.dll
0x00007ffe24f30000 - 0x00007ffe24f4f000 	c:\Users\Microsoft\.vscode\extensions\redhat.java-1.39.0-win32-x64\jre\21.0.5-win32-x86_64\bin\java.dll
0x00007ffe49810000 - 0x00007ffe49f14000 	C:\WINDOWS\System32\SHELL32.dll
0x00007ffe459c0000 - 0x00007ffe461f7000 	C:\WINDOWS\SYSTEM32\windows.storage.dll
0x00007ffe4a040000 - 0x00007ffe4a129000 	C:\WINDOWS\System32\SHCORE.dll
0x00007ffe48be0000 - 0x00007ffe48c3d000 	C:\WINDOWS\System32\shlwapi.dll
0x00007ffe47bf0000 - 0x00007ffe47c1e000 	C:\WINDOWS\SYSTEM32\profapi.dll
0x00007ffe24850000 - 0x00007ffe24868000 	c:\Users\Microsoft\.vscode\extensions\redhat.java-1.39.0-win32-x64\jre\21.0.5-win32-x86_64\bin\zip.dll
0x00007ffe353a0000 - 0x00007ffe353b0000 	C:\Users\Microsoft\.vscode\extensions\redhat.java-1.39.0-win32-x64\jre\21.0.5-win32-x86_64\bin\net.dll
0x00007ffe3ff50000 - 0x00007ffe4006e000 	C:\WINDOWS\SYSTEM32\WINHTTP.dll
0x00007ffe46fc0000 - 0x00007ffe47028000 	C:\WINDOWS\system32\mswsock.dll
0x00007ffe21c20000 - 0x00007ffe21c36000 	C:\Users\Microsoft\.vscode\extensions\redhat.java-1.39.0-win32-x64\jre\21.0.5-win32-x86_64\bin\nio.dll
0x00007ffe352b0000 - 0x00007ffe352c0000 	c:\Users\Microsoft\.vscode\extensions\redhat.java-1.39.0-win32-x64\jre\21.0.5-win32-x86_64\bin\verify.dll
0x00007ffe0de40000 - 0x00007ffe0de85000 	C:\Users\Microsoft\AppData\Roaming\Code\User\globalStorage\redhat.java\1.39.0\config_win\org.eclipse.equinox.launcher\org.eclipse.equinox.launcher.win32.win32.x86_64_1.2.1100.v20240722-2106\eclipse_11904.dll
0x00007ffe49330000 - 0x00007ffe494c5000 	C:\WINDOWS\System32\ole32.dll
0x00007ffe47370000 - 0x00007ffe4738c000 	C:\WINDOWS\SYSTEM32\CRYPTSP.dll
0x00007ffe46a30000 - 0x00007ffe46a68000 	C:\WINDOWS\system32\rsaenh.dll
0x00007ffe47060000 - 0x00007ffe4708b000 	C:\WINDOWS\SYSTEM32\USERENV.dll
0x00007ffe47610000 - 0x00007ffe47636000 	C:\WINDOWS\SYSTEM32\bcrypt.dll
0x00007ffe471f0000 - 0x00007ffe471fc000 	C:\WINDOWS\SYSTEM32\CRYPTBASE.dll
0x00007ffe464f0000 - 0x00007ffe46522000 	C:\WINDOWS\SYSTEM32\IPHLPAPI.DLL
0x00007ffe48c70000 - 0x00007ffe48c7a000 	C:\WINDOWS\System32\NSI.dll
0x00007ffe0dda0000 - 0x00007ffe0dde9000 	C:\Users\Microsoft\AppData\Local\Temp\jna-1909739726\jna5574149931634626169.dll
0x00007ffe48cb0000 - 0x00007ffe48cb8000 	C:\WINDOWS\System32\PSAPI.DLL
0x00007ffe403e0000 - 0x00007ffe403ff000 	C:\WINDOWS\SYSTEM32\dhcpcsvc6.DLL
0x00007ffe3f930000 - 0x00007ffe3f955000 	C:\WINDOWS\SYSTEM32\dhcpcsvc.DLL

dbghelp: loaded successfully - version: 4.0.5 - missing functions: none
symbol engine: initialized successfully - sym options: 0x614 - pdb path: .;c:\Users\Microsoft\.vscode\extensions\redhat.java-1.39.0-win32-x64\jre\21.0.5-win32-x86_64\bin;C:\WINDOWS\SYSTEM32;C:\WINDOWS\WinSxS\amd64_microsoft.windows.common-controls_6595b64144ccf1df_6.0.26100.3037_none_3e09262ce333c378;c:\Users\Microsoft\.vscode\extensions\redhat.java-1.39.0-win32-x64\jre\21.0.5-win32-x86_64\bin\server;C:\Users\Microsoft\AppData\Roaming\Code\User\globalStorage\redhat.java\1.39.0\config_win\org.eclipse.equinox.launcher\org.eclipse.equinox.launcher.win32.win32.x86_64_1.2.1100.v20240722-2106;C:\Users\Microsoft\AppData\Local\Temp\jna-1909739726

VM Arguments:
jvm_args: --add-modules=ALL-SYSTEM --add-opens=java.base/java.util=ALL-UNNAMED --add-opens=java.base/java.lang=ALL-UNNAMED --add-opens=java.base/sun.nio.fs=ALL-UNNAMED -Declipse.application=org.eclipse.jdt.ls.core.id1 -Dosgi.bundles.defaultStartLevel=4 -Declipse.product=org.eclipse.jdt.ls.core.product -Djava.import.generatesMetadataFilesAtProjectRoot=false -DDetectVMInstallationsJob.disabled=true -Dfile.encoding=utf8 -XX:+UseParallelGC -XX:GCTimeRatio=4 -XX:AdaptiveSizePolicyWeight=90 -Dsun.zip.disableMemoryMapping=true -Xmx1G -Xms100m -Xlog:disable -javaagent:c:\Users\Microsoft\.vscode\extensions\redhat.java-1.39.0-win32-x64\lombok\lombok-1.18.34.jar -XX:+HeapDumpOnOutOfMemoryError -XX:HeapDumpPath=c:\Users\Microsoft\AppData\Roaming\Code\User\workspaceStorage\51c2198a0d62ee72b5a835ac9089896e\redhat.java -Daether.dependencyCollector.impl=bf 
java_command: c:\Users\Microsoft\.vscode\extensions\redhat.java-1.39.0-win32-x64\server\plugins\org.eclipse.equinox.launcher_1.6.900.v20240613-2009.jar -configuration c:\Users\Microsoft\AppData\Roaming\Code\User\globalStorage\redhat.java\1.39.0\config_win -data c:\Users\Microsoft\AppData\Roaming\Code\User\workspaceStorage\51c2198a0d62ee72b5a835ac9089896e\redhat.java\jdt_ws --pipe=\\.\pipe\lsp-08dc867752c4313e473142468cac6901-sock
java_class_path (initial): c:\Users\Microsoft\.vscode\extensions\redhat.java-1.39.0-win32-x64\server\plugins\org.eclipse.equinox.launcher_1.6.900.v20240613-2009.jar
Launcher Type: SUN_STANDARD

[Global flags]
    uintx AdaptiveSizePolicyWeight                 = 90                                        {product} {command line}
     intx CICompilerCount                          = 4                                         {product} {ergonomic}
    uintx GCTimeRatio                              = 4                                         {product} {command line}
     bool HeapDumpOnOutOfMemoryError               = true                                   {manageable} {command line}
    ccstr HeapDumpPath                             = c:\Users\Microsoft\AppData\Roaming\Code\User\workspaceStorage\51c2198a0d62ee72b5a835ac9089896e\redhat.java         {manageable} {command line}
   size_t InitialHeapSize                          = 104857600                                 {product} {command line}
   size_t MaxHeapSize                              = 1073741824                                {product} {command line}
   size_t MaxNewSize                               = 357564416                                 {product} {ergonomic}
   size_t MinHeapDeltaBytes                        = 524288                                    {product} {ergonomic}
   size_t MinHeapSize                              = 104857600                                 {product} {command line}
   size_t NewSize                                  = 34603008                                  {product} {ergonomic}
    uintx NonNMethodCodeHeapSize                   = 5839372                                {pd product} {ergonomic}
    uintx NonProfiledCodeHeapSize                  = 122909434                              {pd product} {ergonomic}
   size_t OldSize                                  = 70254592                                  {product} {ergonomic}
    uintx ProfiledCodeHeapSize                     = 122909434                              {pd product} {ergonomic}
    uintx ReservedCodeCacheSize                    = 251658240                              {pd product} {ergonomic}
     bool SegmentedCodeCache                       = true                                      {product} {ergonomic}
   size_t SoftMaxHeapSize                          = 1073741824                             {manageable} {ergonomic}
     bool UseCompressedOops                        = true                           {product lp64_product} {ergonomic}
     bool UseLargePagesIndividualAllocation        = false                                  {pd product} {ergonomic}
     bool UseParallelGC                            = true                                      {product} {command line}

Logging:
Log output configuration:
 #0: stdout all=off uptime,level,tags foldmultilines=false
 #1: stderr all=off uptime,level,tags foldmultilines=false

Environment Variables:
JAVA_HOME=C:\Program Files\Java\jdk-20
PATH=C:\Program Files\Python312\Scripts\;C:\Program Files\Python312\;C:\Program Files\Eclipse Adoptium\jdk-21.0.1.12-hotspot\bin;C:\Program Files\Common Files\Oracle\Java\javapath;C:\Program Files (x86)\Common Files\Oracle\Java\javapath;C:\Windows\system32;C:\Windows;C:\Windows\System32\Wbem;C:\Windows\System32\WindowsPowerShell\v1.0\;C:\Windows\System32\OpenSSH\;C:\Program Files (x86)\NVIDIA Corporation\PhysX\Common;C:\Program Files\NVIDIA Corporation\NVIDIA NvDLISR;C:\WINDOWS\system32;C:\WINDOWS;C:\WINDOWS\System32\Wbem;C:\WINDOWS\System32\WindowsPowerShell\v1.0\;C:\WINDOWS\System32\OpenSSH\;C:\Program Files\Git\cmd;C:\Program Files\Java\jdk-20\bin;C:\ProgramData\chocolatey\bin;C:\Program Files\Docker\Docker\resources\bin;D:\Program Files\apache-maven-3.9.6\bin;D:\Program Files\Gradle\gradle-8.12\bin;C:\Users\Microsoft\AppData\Roaming\Python\Python312\Scripts;C:\Users\Microsoft\AppData\Local\Microsoft\WindowsApps;C:\Program Files\nodejs;C:\Users\Microsoft\AppData\Roaming\npm;D:\Program Files\Gradle\gradle-8.12\bin;C:\Users\Microsoft\AppData\Roaming\Python\Python312\Scripts;D:\VSCode\Microsoft VS Code\bin
USERNAME=Microsoft
OS=Windows_NT
PROCESSOR_IDENTIFIER=Intel64 Family 6 Model 126 Stepping 5, GenuineIntel
TMP=C:\Users\MICROS~1\AppData\Local\Temp
TEMP=C:\Users\MICROS~1\AppData\Local\Temp




Periodic native trim disabled

---------------  S Y S T E M  ---------------

OS:
 Windows 11 , 64 bit Build 26100 (10.0.26100.3037)
OS uptime: 5 days 5:47 hours
Hyper-V role detected

CPU: total 8 (initial active 8) (4 cores per cpu, 2 threads per core) family 6 model 126 stepping 5 microcode 0xa0, cx8, cmov, fxsr, ht, mmx, 3dnowpref, sse, sse2, sse3, ssse3, sse4.1, sse4.2, popcnt, lzcnt, tsc, tscinvbit, avx, avx2, aes, erms, clmul, bmi1, bmi2, adx, avx512f, avx512dq, avx512cd, avx512bw, avx512vl, sha, fma, vzeroupper, avx512_vpopcntdq, avx512_vpclmulqdq, avx512_vaes, avx512_vnni, clflush, clflushopt, avx512_vbmi2, avx512_vbmi, hv, rdtscp, rdpid, fsrm, gfni, avx512_bitalg, f16c, avx512_ifma
Processor Information for all 8 processors :
  Max Mhz: 1190, Current Mhz: 991, Mhz Limit: 987

Memory: 4k page, system-wide physical 7973M (1601M free)
TotalPageFile size 23109M (AvailPageFile size 15M)
current process WorkingSet (physical memory assigned to process): 692M, peak: 818M
current process commit charge ("private bytes"): 794M, peak: 795M

vm_info: OpenJDK 64-Bit Server VM (21.0.5+11-LTS) for windows-amd64 JRE (21.0.5+11-LTS), built on 2024-10-15T00:00:00Z by "admin" with MS VC++ 17.7 (VS2022)

END.
