2025-02-28T18:57:01.448+03:00  INFO 1092 --- [physio_backend] [restartedMain] c.p.p.PhysioBackendApplication           : Starting PhysioBackendApplication using Java 21.0.1 with PID 1092 (D:\A ciminarProject\PhysioBackend\PhysiO_backend\target\classes started by Zainab AT in D:\A ciminarProject\PhysioBackend\PhysiO_backend)
2025-02-28T18:57:01.453+03:00  INFO 1092 --- [physio_backend] [restartedMain] c.p.p.PhysioBackendApplication           : No active profile set, falling back to 1 default profile: "default"
2025-02-28T18:57:01.604+03:00  INFO 1092 --- [physio_backend] [restartedMain] o.s.b.devtools.restart.ChangeableUrls    : The Class-Path manifest attribute in C:\Users\Zainab AT\.m2\repository\io\github\cdimascio\java-dotenv\5.2.2\java-dotenv-5.2.2.jar referenced one or more files that do not exist: file:/C:/Users/Zainab%20AT/.m2/repository/io/github/cdimascio/java-dotenv/5.2.2/kotlin-stdlib-1.4.0.jar,file:/C:/Users/Zainab%20AT/.m2/repository/io/github/cdimascio/java-dotenv/5.2.2/kotlin-stdlib-common-1.4.0.jar,file:/C:/Users/Zainab%20AT/.m2/repository/io/github/cdimascio/java-dotenv/5.2.2/annotations-13.0.jar
2025-02-28T18:57:01.613+03:00  INFO 1092 --- [physio_backend] [restartedMain] .e.DevToolsPropertyDefaultsPostProcessor : Devtools property defaults active! Set 'spring.devtools.add-properties' to 'false' to disable
2025-02-28T18:57:01.615+03:00  INFO 1092 --- [physio_backend] [restartedMain] .e.DevToolsPropertyDefaultsPostProcessor : For additional web related logging consider setting the 'logging.level.web' property to 'DEBUG'
2025-02-28T18:57:03.932+03:00  INFO 1092 --- [physio_backend] [restartedMain] .s.d.r.c.RepositoryConfigurationDelegate : Bootstrapping Spring Data JPA repositories in DEFAULT mode.
2025-02-28T18:57:04.171+03:00  INFO 1092 --- [physio_backend] [restartedMain] .s.d.r.c.RepositoryConfigurationDelegate : Finished Spring Data repository scanning in 221 ms. Found 9 JPA repository interfaces.
2025-02-28T18:57:06.429+03:00  INFO 1092 --- [physio_backend] [restartedMain] o.s.b.w.embedded.tomcat.TomcatWebServer  : Tomcat initialized with port 8080 (http)
2025-02-28T18:57:06.482+03:00  INFO 1092 --- [physio_backend] [restartedMain] o.apache.catalina.core.StandardService   : Starting service [Tomcat]
2025-02-28T18:57:06.484+03:00  INFO 1092 --- [physio_backend] [restartedMain] o.apache.catalina.core.StandardEngine    : Starting Servlet engine: [Apache Tomcat/10.1.34]
2025-02-28T18:57:06.765+03:00  INFO 1092 --- [physio_backend] [restartedMain] o.a.c.c.C.[Tomcat].[localhost].[/]       : Initializing Spring embedded WebApplicationContext
2025-02-28T18:57:06.768+03:00  INFO 1092 --- [physio_backend] [restartedMain] w.s.c.ServletWebServerApplicationContext : Root WebApplicationContext: initialization completed in 5150 ms
2025-02-28T18:57:07.330+03:00  INFO 1092 --- [physio_backend] [restartedMain] o.hibernate.jpa.internal.util.LogHelper  : HHH000204: Processing PersistenceUnitInfo [name: default]
2025-02-28T18:57:07.519+03:00  INFO 1092 --- [physio_backend] [restartedMain] org.hibernate.Version                    : HHH000412: Hibernate ORM core version 6.6.5.Final
2025-02-28T18:57:07.606+03:00  INFO 1092 --- [physio_backend] [restartedMain] o.h.c.internal.RegionFactoryInitiator    : HHH000026: Second-level cache disabled
2025-02-28T18:57:08.347+03:00  INFO 1092 --- [physio_backend] [restartedMain] o.s.o.j.p.SpringPersistenceUnitInfo      : No LoadTimeWeaver setup: ignoring JPA class transformer
2025-02-28T18:57:08.421+03:00  INFO 1092 --- [physio_backend] [restartedMain] com.zaxxer.hikari.HikariDataSource       : HikariPool-1 - Starting...
2025-02-28T18:57:08.817+03:00  INFO 1092 --- [physio_backend] [restartedMain] com.zaxxer.hikari.pool.HikariPool        : HikariPool-1 - Added connection com.mysql.cj.jdbc.ConnectionImpl@61487b48
2025-02-28T18:57:08.821+03:00  INFO 1092 --- [physio_backend] [restartedMain] com.zaxxer.hikari.HikariDataSource       : HikariPool-1 - Start completed.
2025-02-28T18:57:08.943+03:00  WARN 1092 --- [physio_backend] [restartedMain] org.hibernate.dialect.Dialect            : HHH000511: The 5.5.5 version for [org.hibernate.dialect.MySQLDialect] is no longer supported, hence certain features may not work properly. The minimum supported version is 8.0.0. Check the community dialects project for available legacy versions.
2025-02-28T18:57:08.956+03:00  WARN 1092 --- [physio_backend] [restartedMain] org.hibernate.orm.deprecation            : HHH90000025: MySQLDialect does not need to be specified explicitly using 'hibernate.dialect' (remove the property setting and it will be selected by default)
2025-02-28T18:57:09.021+03:00  INFO 1092 --- [physio_backend] [restartedMain] org.hibernate.orm.connections.pooling    : HHH10001005: Database info:
	Database JDBC URL [Connecting through datasource 'HikariDataSource (HikariPool-1)']
	Database driver: undefined/unknown
	Database version: 5.5.5
	Autocommit mode: undefined/unknown
	Isolation level: undefined/unknown
	Minimum pool size: undefined/unknown
	Maximum pool size: undefined/unknown
2025-02-28T18:57:11.538+03:00  INFO 1092 --- [physio_backend] [restartedMain] o.h.e.t.j.p.i.JtaPlatformInitiator       : HHH000489: No JTA platform available (set 'hibernate.transaction.jta.platform' to enable JTA platform integration)
2025-02-28T18:57:11.807+03:00  INFO 1092 --- [physio_backend] [restartedMain] j.LocalContainerEntityManagerFactoryBean : Initialized JPA EntityManagerFactory for persistence unit 'default'
2025-02-28T18:57:12.792+03:00  INFO 1092 --- [physio_backend] [restartedMain] eAuthenticationProviderManagerConfigurer : Global AuthenticationManager configured with AuthenticationProvider bean with name authenticationProvider
2025-02-28T18:57:12.794+03:00  WARN 1092 --- [physio_backend] [restartedMain] r$InitializeUserDetailsManagerConfigurer : Global AuthenticationManager configured with an AuthenticationProvider bean. UserDetailsService beans will not be used by Spring Security for automatically configuring username/password login. Consider removing the AuthenticationProvider bean. Alternatively, consider using the UserDetailsService in a manually instantiated DaoAuthenticationProvider. If the current configuration is intentional, to turn off this warning, increase the logging level of 'org.springframework.security.config.annotation.authentication.configuration.InitializeUserDetailsBeanManagerConfigurer' to ERROR
2025-02-28T18:57:13.564+03:00  WARN 1092 --- [physio_backend] [restartedMain] JpaBaseConfiguration$JpaWebConfiguration : spring.jpa.open-in-view is enabled by default. Therefore, database queries may be performed during view rendering. Explicitly configure spring.jpa.open-in-view to disable this warning
2025-02-28T18:57:14.490+03:00 DEBUG 1092 --- [physio_backend] [restartedMain] o.s.s.web.DefaultSecurityFilterChain     : Will secure any request with filters: DisableEncodeUrlFilter, WebAsyncManagerIntegrationFilter, SecurityContextHolderFilter, HeaderWriterFilter, LogoutFilter, AuthTokenFilter, RequestCacheAwareFilter, SecurityContextHolderAwareRequestFilter, AnonymousAuthenticationFilter, SessionManagementFilter, ExceptionTranslationFilter, AuthorizationFilter
2025-02-28T18:57:15.232+03:00  INFO 1092 --- [physio_backend] [restartedMain] o.s.b.d.a.OptionalLiveReloadServer       : LiveReload server is running on port 35729
2025-02-28T18:57:15.341+03:00  INFO 1092 --- [physio_backend] [restartedMain] o.s.b.w.embedded.tomcat.TomcatWebServer  : Tomcat started on port 8080 (http) with context path '/'
2025-02-28T18:57:15.365+03:00  INFO 1092 --- [physio_backend] [restartedMain] c.p.p.PhysioBackendApplication           : Started PhysioBackendApplication in 14.836 seconds (process running for 16.583)
